#-----------------------------------------------------------
# Vivado v2016.4 (64-bit)
# SW Build 1756540 on Mon Jan 23 19:11:23 MST 2017
# IP Build 1755317 on Mon Jan 23 20:30:07 MST 2017
# Start of session at: Thu May 11 12:59:53 2017
# Process ID: 8748
# Current directory: C:/Users/Student/Downloads/OneDrive-2017-05-03/mipsGYT
# Command line: vivado.exe -gui_launcher_event rodinguilauncherevent6124 C:\Users\Student\Downloads\OneDrive-2017-05-03\mipsGYT\test_env.xpr
# Log file: C:/Users/Student/Downloads/OneDrive-2017-05-03/mipsGYT/vivado.log
# Journal file: C:/Users/Student/Downloads/OneDrive-2017-05-03/mipsGYT\vivado.jou
#-----------------------------------------------------------
start_gui
open_project C:/Users/Student/Downloads/OneDrive-2017-05-03/mipsGYT/test_env.xpr
Scanning sources...
Finished scanning sources
INFO: [IP_Flow 19-234] Refreshing IP repositories
INFO: [IP_Flow 19-1704] No user IP repositories specified
INFO: [IP_Flow 19-2313] Loaded Vivado IP repository 'C:/Xilinx/Vivado/2016.4/data/ip'.
exit
INFO: [Common 17-206] Exiting Vivado at Thu May 11 13:01:19 2017...
